Flutter crash report.
Please report a bug at https://github.com/flutter/flutter/issues.

## command

flutter run

## exception

RPCError: getVM: (-32000) Service connection disposed

```
```

## flutter doctor

```
[33m[!][39m Flutter (Channel stable, 3.24.0, on Microsoft Windows [Version 10.0.22631.4037], locale en-US)
    [32m•[39m Flutter version 3.24.0 on channel stable at C:\src\flutter
    [33m![39m Warning: `dart` on your path resolves to C:\Dart\dart-sdk\bin\dart.exe, which is not inside your current Flutter SDK checkout at
      C:\src\flutter. Consider adding C:\src\flutter\bin to the front of your path.
    [32m•[39m Upstream repository https://github.com/flutter/flutter.git
    [32m•[39m Framework revision 80c2e84975 (3 weeks ago), 2024-07-30 23:06:49 +0700
    [32m•[39m Engine revision b8800d88be
    [32m•[39m Dart version 3.5.0
    [32m•[39m DevTools version 2.37.2
    [32m•[39m If those were intentional, you can disregard the above warnings; however it is recommended to use "git" directly to perform update checks and
      upgrades.

[32m[✓][39m Windows Version (Installed version of Windows is version 10 or higher)

[33m[!][39m Android toolchain - develop for Android devices (Android SDK version 35.0.0)
    [32m•[39m Android SDK at C:\Users\Poula Saber\AppData\Local\Android\sdk
    [32m•[39m Platform android-35, build-tools 35.0.0
    [32m•[39m Java binary at: C:\Program Files\Android\Android Studio\jbr\bin\java
    [32m•[39m Java version OpenJDK Runtime Environment (build 17.0.11+0--11852314)
    [33m![39m Some Android licenses not accepted. To resolve this, run: flutter doctor --android-licenses

[32m[✓][39m Chrome - develop for the web
    [32m•[39m Chrome at C:\Program Files\Google\Chrome\Application\chrome.exe

[32m[✓][39m Visual Studio - develop Windows apps (Visual Studio Community 2022 17.9.1)
    [32m•[39m Visual Studio at C:\Program Files\Microsoft Visual Studio\2022\Community
    [32m•[39m Visual Studio Community 2022 version 17.9.34616.47
    [32m•[39m Windows 10 SDK version 10.0.22621.0

[32m[✓][39m Android Studio (version 2024.1)
    [32m•[39m Android Studio at C:\Program Files\Android\Android Studio
    [32m•[39m Flutter plugin can be installed from:
      🔨 https://plugins.jetbrains.com/plugin/9212-flutter
    [32m•[39m Dart plugin can be installed from:
      🔨 https://plugins.jetbrains.com/plugin/6351-dart
    [32m•[39m Java version OpenJDK Runtime Environment (build 17.0.11+0--11852314)

[32m[✓][39m VS Code (version 1.26.0)
    [32m•[39m VS Code at C:\Users\Poula Saber\AppData\Local\Programs\Microsoft VS Code
    [32m•[39m Flutter extension version 2.21.1

[32m[✓][39m Connected device (4 available)
    [32m•[39m RMX3636 (mobile)  • VCIVLBJRLVYP854L • android-arm64  • Android 14 (API 34)
    [32m•[39m Windows (desktop) • windows          • windows-x64    • Microsoft Windows [Version 10.0.22631.4037]
    [32m•[39m Chrome (web)      • chrome           • web-javascript • Google Chrome 120.0.6099.225
    [32m•[39m Edge (web)        • edge             • web-javascript • Microsoft Edge 127.0.2651.105

[32m[✓][39m Network resources
    [32m•[39m All expected network resources are available.

[33m![39m Doctor found issues in 2 categories.
```
